2025-05-28 19:40:37,217 - INFO - Loading environment variables from C:\Users\mehdi\code\patchline_v1\.env.local
2025-05-28 19:40:37,253 - INFO - Found credentials in environment variables.
2025-05-28 19:40:53,870 - INFO - Deleting gmail-auth-handler...
2025-05-28 19:40:56,094 - INFO - Deleting gmail-action-handler...
2025-05-28 19:40:58,446 - INFO - Using existing role: arn:aws:iam::366218382497:role/PatchlineLambdaExecutionRole
2025-05-28 19:40:58,452 - INFO - Agent ID: C7VZ0QWDSG
2025-05-28 19:40:58,452 - INFO - Alias ID: WDGFWL1YCB
2025-05-28 19:40:58,457 - INFO - Source file: C:\Users\mehdi\code\patchline_v1\backend\lambda\gmail-auth-handler.py
2025-05-28 19:40:58,462 - INFO - Installing dependencies...
2025-05-28 19:41:15,888 - INFO - Added 4167 files to zip
2025-05-28 19:41:15,917 - INFO - Package size: 29.38 MB
2025-05-28 19:41:16,874 - INFO - Handler file: gmail-auth-handler.py
2025-05-28 19:41:16,874 - INFO - Role ARN: arn:aws:iam::366218382497:role/PatchlineLambdaExecutionRole
2025-05-28 19:41:16,874 - INFO - Environment variables: {
  "PLATFORM_CONNECTIONS_TABLE": "PlatformConnections-staging",
  "GMAIL_SECRETS_NAME": "patchline/gmail-oauth",
  "KNOWLEDGE_BASE_BUCKET": "patchline-email-knowledge-base",
  "BEDROCK_AGENT_ID": "C7VZ0QWDSG",
  "BEDROCK_AGENT_ALIAS_ID": "WDGFWL1YCB",
  "AWS_REGION": "us-east-1"
}
2025-05-28 19:41:16,933 - INFO - Function does not exist, will create it
2025-05-28 19:41:16,933 - INFO - Creating new function...
